<?xml version="1.0" encoding="UTF-8"?>
<testng-results ignored="0" total="1" passed="1" failed="0" skipped="0">
  <reporter-output>
  </reporter-output>
  <suite started-at="2026-02-13T12:39:27 IST" name="Suite" finished-at="2026-02-13T12:39:27 IST" duration-ms="98">
    <groups>
      <group name="smoke">
        <method signature="Demo1Test.cars()[pri:0, instance:Prac.Demo1Test@2d7275fc]" name="cars" class="Prac.Demo1Test"/>
      </group> <!-- smoke -->
    </groups>
    <test started-at="2026-02-13T12:39:27 IST" name="Test" finished-at="2026-02-13T12:39:27 IST" duration-ms="98">
      <class name="Prac.Demo1Test">
        <test-method signature="cars()[pri:0, instance:Prac.Demo1Test@2d7275fc]" started-at="2026-02-13T12:39:27 IST" name="cars" finished-at="2026-02-13T12:39:27 IST" duration-ms="20" status="PASS">
          <reporter-output>
          </reporter-output>
        </test-method> <!-- cars -->
      </class> <!-- Prac.Demo1Test -->
    </test> <!-- Test -->
  </suite> <!-- Suite -->
</testng-results>
